<?xml version="1.0" encoding="UTF-8"?>
<!-- Generated by org.testng.reporters.JUnitXMLReporter -->
<testsuite ignored="0" hostname="LAPTOP-GTM84CKQ" failures="0" tests="5" name="Surefire test" time="0.224" errors="0" timestamp="2022-02-03T02:05:10 EST">
  <testcase classname="com.techbee.registrationTest.CustomerTest" name="testSetEmailAdressWrong on testSetEmailAdressWrong(com.techbee.registrationTest.CustomerTest)" time="0.048"/>
  <testcase classname="com.techbee.registrationTest.CustomerTest" name="testGetAge12 on testGetAge12(com.techbee.registrationTest.CustomerTest)" time="0.047"/>
  <testcase classname="com.techbee.registrationTest.CustomerTest" name="testGetAge20 on testGetAge20(com.techbee.registrationTest.CustomerTest)" time="0.046"/>
  <testcase classname="com.techbee.registrationTest.CustomerTest" name="testGetFirstName on testGetFirstName(com.techbee.registrationTest.CustomerTest)" time="0.048"/>
  <testcase classname="com.techbee.registrationTest.CustomerTest" name="testSetEmailAdress on testSetEmailAdress(com.techbee.registrationTest.CustomerTest)" time="0.048"/>
</testsuite> <!-- Surefire test -->
