<?xml version="1.0" encoding="UTF-8"?>
<testsuite xmlns:xsi="http://www.w3.org/2001/XMLSchema-instance" xsi:noNamespaceSchemaLocation="https://maven.apache.org/surefire/maven-surefire-plugin/xsd/surefire-test-report.xsd" name="com.techbee.registrationTest.CustomerTest" time="1.221" tests="5" errors="0" skipped="0" failures="0">
  <properties>
[...]
</properties>
  <testcase name="testSetEmailAdressWrong on testSetEmailAdressWrong(com.techbee.registrationTest.CustomerTest)" classname="com.techbee.registrationTest.CustomerTest" time="0.018"/>
  <testcase name="testGetAge12 on testGetAge12(com.techbee.registrationTest.CustomerTest)" classname="com.techbee.registrationTest.CustomerTest" time="0.001"/>
  <testcase name="testGetAge20 on testGetAge20(com.techbee.registrationTest.CustomerTest)" classname="com.techbee.registrationTest.CustomerTest" time="0"/>
  <testcase name="testGetFirstName on testGetFirstName(com.techbee.registrationTest.CustomerTest)" classname="com.techbee.registrationTest.CustomerTest" time="0"/>
  <testcase name="testSetEmailAdress on testSetEmailAdress(com.techbee.registrationTest.CustomerTest)" classname="com.techbee.registrationTest.CustomerTest" time="0"/>
</testsuite>